<?xml version="1.0" encoding="UTF-8"?>
<!-- Generated by org.testng.reporters.JUnitReportReporter -->
<testsuite hostname="LAPTOP-ONRAIVR5" failures="0" tests="1" name="org.test.AppTest" time="28.679" errors="0" timestamp="2024-08-22T16:41:00 BDT" skipped="0">
  <testcase classname="org.test.AppTest" name="testGeneraleStoreAPK" time="28.679"/>
</testsuite> <!-- org.test.AppTest -->
